  MeadowValley.cpp
C:\Users\ianar\OneDrive\Desktop\FH - Technikum Wien\6.Semester\Bachelorarbeit\MeadowValley\MeadowValley_with_patterns\MeadowValley.cpp(33,74): warning C4244: "Argument": Konvertierung von "T" in "T", möglicher Datenverlust
C:\Users\ianar\OneDrive\Desktop\FH - Technikum Wien\6.Semester\Bachelorarbeit\MeadowValley\MeadowValley_with_patterns\MeadowValley.cpp(33,74): warning C4244:         with
C:\Users\ianar\OneDrive\Desktop\FH - Technikum Wien\6.Semester\Bachelorarbeit\MeadowValley\MeadowValley_with_patterns\MeadowValley.cpp(33,74): warning C4244:         [
C:\Users\ianar\OneDrive\Desktop\FH - Technikum Wien\6.Semester\Bachelorarbeit\MeadowValley\MeadowValley_with_patterns\MeadowValley.cpp(33,74): warning C4244:             T=unsigned int
C:\Users\ianar\OneDrive\Desktop\FH - Technikum Wien\6.Semester\Bachelorarbeit\MeadowValley\MeadowValley_with_patterns\MeadowValley.cpp(33,74): warning C4244:         ]
C:\Users\ianar\OneDrive\Desktop\FH - Technikum Wien\6.Semester\Bachelorarbeit\MeadowValley\MeadowValley_with_patterns\MeadowValley.cpp(33,74): warning C4244:         and
C:\Users\ianar\OneDrive\Desktop\FH - Technikum Wien\6.Semester\Bachelorarbeit\MeadowValley\MeadowValley_with_patterns\MeadowValley.cpp(33,74): warning C4244:         [
C:\Users\ianar\OneDrive\Desktop\FH - Technikum Wien\6.Semester\Bachelorarbeit\MeadowValley\MeadowValley_with_patterns\MeadowValley.cpp(33,74): warning C4244:             T=float
C:\Users\ianar\OneDrive\Desktop\FH - Technikum Wien\6.Semester\Bachelorarbeit\MeadowValley\MeadowValley_with_patterns\MeadowValley.cpp(33,74): warning C4244:         ]
C:\Users\ianar\OneDrive\Desktop\FH - Technikum Wien\6.Semester\Bachelorarbeit\MeadowValley\MeadowValley_with_patterns\MeadowValley.cpp(33,60): warning C4244: "Argument": Konvertierung von "T" in "T", möglicher Datenverlust
C:\Users\ianar\OneDrive\Desktop\FH - Technikum Wien\6.Semester\Bachelorarbeit\MeadowValley\MeadowValley_with_patterns\MeadowValley.cpp(33,60): warning C4244:         with
C:\Users\ianar\OneDrive\Desktop\FH - Technikum Wien\6.Semester\Bachelorarbeit\MeadowValley\MeadowValley_with_patterns\MeadowValley.cpp(33,60): warning C4244:         [
C:\Users\ianar\OneDrive\Desktop\FH - Technikum Wien\6.Semester\Bachelorarbeit\MeadowValley\MeadowValley_with_patterns\MeadowValley.cpp(33,60): warning C4244:             T=unsigned int
C:\Users\ianar\OneDrive\Desktop\FH - Technikum Wien\6.Semester\Bachelorarbeit\MeadowValley\MeadowValley_with_patterns\MeadowValley.cpp(33,60): warning C4244:         ]
C:\Users\ianar\OneDrive\Desktop\FH - Technikum Wien\6.Semester\Bachelorarbeit\MeadowValley\MeadowValley_with_patterns\MeadowValley.cpp(33,60): warning C4244:         and
C:\Users\ianar\OneDrive\Desktop\FH - Technikum Wien\6.Semester\Bachelorarbeit\MeadowValley\MeadowValley_with_patterns\MeadowValley.cpp(33,60): warning C4244:         [
C:\Users\ianar\OneDrive\Desktop\FH - Technikum Wien\6.Semester\Bachelorarbeit\MeadowValley\MeadowValley_with_patterns\MeadowValley.cpp(33,60): warning C4244:             T=float
C:\Users\ianar\OneDrive\Desktop\FH - Technikum Wien\6.Semester\Bachelorarbeit\MeadowValley\MeadowValley_with_patterns\MeadowValley.cpp(33,60): warning C4244:         ]
  Field.cpp
  IdleState.cpp
  NPC.cpp
  ObjectFactory.cpp
  Player.cpp
  WalkingState.cpp
  World.cpp
  WorldUI.cpp
C:\Users\ianar\OneDrive\Desktop\FH - Technikum Wien\6.Semester\Bachelorarbeit\MeadowValley\MeadowValley_with_patterns\ui\src\WorldUI.cpp(61,23): warning C4244: "Initialisierung": Konvertierung von "T" in "float", möglicher Datenverlust
C:\Users\ianar\OneDrive\Desktop\FH - Technikum Wien\6.Semester\Bachelorarbeit\MeadowValley\MeadowValley_with_patterns\ui\src\WorldUI.cpp(61,23): warning C4244:         with
C:\Users\ianar\OneDrive\Desktop\FH - Technikum Wien\6.Semester\Bachelorarbeit\MeadowValley\MeadowValley_with_patterns\ui\src\WorldUI.cpp(61,23): warning C4244:         [
C:\Users\ianar\OneDrive\Desktop\FH - Technikum Wien\6.Semester\Bachelorarbeit\MeadowValley\MeadowValley_with_patterns\ui\src\WorldUI.cpp(61,23): warning C4244:             T=unsigned int
C:\Users\ianar\OneDrive\Desktop\FH - Technikum Wien\6.Semester\Bachelorarbeit\MeadowValley\MeadowValley_with_patterns\ui\src\WorldUI.cpp(61,23): warning C4244:         ]
C:\Users\ianar\OneDrive\Desktop\FH - Technikum Wien\6.Semester\Bachelorarbeit\MeadowValley\MeadowValley_with_patterns\ui\src\WorldUI.cpp(62,24): warning C4244: "Initialisierung": Konvertierung von "T" in "float", möglicher Datenverlust
C:\Users\ianar\OneDrive\Desktop\FH - Technikum Wien\6.Semester\Bachelorarbeit\MeadowValley\MeadowValley_with_patterns\ui\src\WorldUI.cpp(62,24): warning C4244:         with
C:\Users\ianar\OneDrive\Desktop\FH - Technikum Wien\6.Semester\Bachelorarbeit\MeadowValley\MeadowValley_with_patterns\ui\src\WorldUI.cpp(62,24): warning C4244:         [
C:\Users\ianar\OneDrive\Desktop\FH - Technikum Wien\6.Semester\Bachelorarbeit\MeadowValley\MeadowValley_with_patterns\ui\src\WorldUI.cpp(62,24): warning C4244:             T=unsigned int
C:\Users\ianar\OneDrive\Desktop\FH - Technikum Wien\6.Semester\Bachelorarbeit\MeadowValley\MeadowValley_with_patterns\ui\src\WorldUI.cpp(62,24): warning C4244:         ]
C:\Users\ianar\OneDrive\Desktop\FH - Technikum Wien\6.Semester\Bachelorarbeit\MeadowValley\MeadowValley_with_patterns\ui\src\WorldUI.cpp(64,30): warning C4244: "Initialisierung": Konvertierung von "double" in "float", möglicher Datenverlust
C:\Users\ianar\OneDrive\Desktop\FH - Technikum Wien\6.Semester\Bachelorarbeit\MeadowValley\MeadowValley_with_patterns\ui\src\WorldUI.cpp(80,18): warning C4244: "Initialisierung": Konvertierung von "double" in "float", möglicher Datenverlust
C:\Users\ianar\OneDrive\Desktop\FH - Technikum Wien\6.Semester\Bachelorarbeit\MeadowValley\MeadowValley_with_patterns\ui\src\WorldUI.cpp(94,23): warning C4244: "Initialisierung": Konvertierung von "double" in "float", möglicher Datenverlust
C:\Users\ianar\OneDrive\Desktop\FH - Technikum Wien\6.Semester\Bachelorarbeit\MeadowValley\MeadowValley_with_patterns\ui\src\WorldUI.cpp(111,62): warning C4244: "Argument": Konvertierung von "double" in "T", möglicher Datenverlust
C:\Users\ianar\OneDrive\Desktop\FH - Technikum Wien\6.Semester\Bachelorarbeit\MeadowValley\MeadowValley_with_patterns\ui\src\WorldUI.cpp(111,62): warning C4244:         with
C:\Users\ianar\OneDrive\Desktop\FH - Technikum Wien\6.Semester\Bachelorarbeit\MeadowValley\MeadowValley_with_patterns\ui\src\WorldUI.cpp(111,62): warning C4244:         [
C:\Users\ianar\OneDrive\Desktop\FH - Technikum Wien\6.Semester\Bachelorarbeit\MeadowValley\MeadowValley_with_patterns\ui\src\WorldUI.cpp(111,62): warning C4244:             T=float
C:\Users\ianar\OneDrive\Desktop\FH - Technikum Wien\6.Semester\Bachelorarbeit\MeadowValley\MeadowValley_with_patterns\ui\src\WorldUI.cpp(111,62): warning C4244:         ]
C:\Users\ianar\OneDrive\Desktop\FH - Technikum Wien\6.Semester\Bachelorarbeit\MeadowValley\MeadowValley_with_patterns\ui\src\WorldUI.cpp(112,72): warning C4244: "Argument": Konvertierung von "double" in "T", möglicher Datenverlust
C:\Users\ianar\OneDrive\Desktop\FH - Technikum Wien\6.Semester\Bachelorarbeit\MeadowValley\MeadowValley_with_patterns\ui\src\WorldUI.cpp(112,72): warning C4244:         with
C:\Users\ianar\OneDrive\Desktop\FH - Technikum Wien\6.Semester\Bachelorarbeit\MeadowValley\MeadowValley_with_patterns\ui\src\WorldUI.cpp(112,72): warning C4244:         [
C:\Users\ianar\OneDrive\Desktop\FH - Technikum Wien\6.Semester\Bachelorarbeit\MeadowValley\MeadowValley_with_patterns\ui\src\WorldUI.cpp(112,72): warning C4244:             T=float
C:\Users\ianar\OneDrive\Desktop\FH - Technikum Wien\6.Semester\Bachelorarbeit\MeadowValley\MeadowValley_with_patterns\ui\src\WorldUI.cpp(112,72): warning C4244:         ]
C:\Users\ianar\OneDrive\Desktop\FH - Technikum Wien\6.Semester\Bachelorarbeit\MeadowValley\MeadowValley_with_patterns\ui\src\WorldUI.cpp(113,79): warning C4244: "Argument": Konvertierung von "double" in "T", möglicher Datenverlust
C:\Users\ianar\OneDrive\Desktop\FH - Technikum Wien\6.Semester\Bachelorarbeit\MeadowValley\MeadowValley_with_patterns\ui\src\WorldUI.cpp(113,79): warning C4244:         with
C:\Users\ianar\OneDrive\Desktop\FH - Technikum Wien\6.Semester\Bachelorarbeit\MeadowValley\MeadowValley_with_patterns\ui\src\WorldUI.cpp(113,79): warning C4244:         [
C:\Users\ianar\OneDrive\Desktop\FH - Technikum Wien\6.Semester\Bachelorarbeit\MeadowValley\MeadowValley_with_patterns\ui\src\WorldUI.cpp(113,79): warning C4244:             T=float
C:\Users\ianar\OneDrive\Desktop\FH - Technikum Wien\6.Semester\Bachelorarbeit\MeadowValley\MeadowValley_with_patterns\ui\src\WorldUI.cpp(113,79): warning C4244:         ]
C:\Users\ianar\OneDrive\Desktop\FH - Technikum Wien\6.Semester\Bachelorarbeit\MeadowValley\MeadowValley_with_patterns\ui\src\WorldUI.cpp(114,69): warning C4244: "Argument": Konvertierung von "double" in "T", möglicher Datenverlust
C:\Users\ianar\OneDrive\Desktop\FH - Technikum Wien\6.Semester\Bachelorarbeit\MeadowValley\MeadowValley_with_patterns\ui\src\WorldUI.cpp(114,69): warning C4244:         with
C:\Users\ianar\OneDrive\Desktop\FH - Technikum Wien\6.Semester\Bachelorarbeit\MeadowValley\MeadowValley_with_patterns\ui\src\WorldUI.cpp(114,69): warning C4244:         [
C:\Users\ianar\OneDrive\Desktop\FH - Technikum Wien\6.Semester\Bachelorarbeit\MeadowValley\MeadowValley_with_patterns\ui\src\WorldUI.cpp(114,69): warning C4244:             T=float
C:\Users\ianar\OneDrive\Desktop\FH - Technikum Wien\6.Semester\Bachelorarbeit\MeadowValley\MeadowValley_with_patterns\ui\src\WorldUI.cpp(114,69): warning C4244:         ]
  Code wird generiert...
  MeadowValley.vcxproj -> C:\Users\ianar\OneDrive\Desktop\FH - Technikum Wien\6.Semester\Bachelorarbeit\MeadowValley\MeadowValley_with_patterns\x64\Debug\MeadowValley.exe
  Der Befehl "pwsh.exe" ist entweder falsch geschrieben oder
  konnte nicht gefunden werden.
